<?xml version="1.0" encoding="UTF-8"?>
<testsuite name="LibraryTest" tests="1" skipped="0" failures="0" errors="0" timestamp="2019-04-16T04:27:18" hostname="USRLMANDAR2-C" time="0.004">
  <properties/>
  <testcase name="testSomeLibraryMethod" classname="LibraryTest" time="0.004"/>
  <system-out><![CDATA[]]></system-out>
  <system-err><![CDATA[]]></system-err>
</testsuite>
